Arguments: 
  D:\nodejs\node.exe D:\nodejs\node_global\node_modules\yarn\bin\yarn.js

PATH: 
  ;C:\Program Files (x86)\Common Files\Intel\Shared Libraries\redist\intel64\compiler;C:\Program Files\Common Files\Oracle\Java\javapath;C:\Program Files (x86)\Common Files\Oracle\Java\javapath;C:\Windows\system32;C:\Windows;C:\Windows\System32\Wbem;C:\Windows\System32\WindowsPowerShell\v1.0\;C:\Windows\System32\OpenSSH\;D:\Git\cmd;D:\互传\EasyShare\x86\;D:\互传\EasyShare\x64\;C:\Program Files\NVIDIA Corporation\NVIDIA NvDLISR;C:\Program Files\Java\jdk1.8.0_301\bin;C:\Program Files\Java\jdk1.8.0_301\jre\bin;C:\Program Files\Microsoft SQL Server\150\Tools\Binn\;C:\Program Files\Microsoft SQL Server\Client SDK\ODBC\170\Tools\Binn\;C:\Program Files\dotnet\;C:\WINDOWS\system32;C:\WINDOWS;C:\WINDOWS\System32\Wbem;C:\WINDOWS\System32\WindowsPowerShell\v1.0\;C:\WINDOWS\System32\OpenSSH\;D:\nodejs\node_global;D:\nodejs;G:\python\Scripts\;G:\python\;C:\Users\BIYUEHU\AppData\Local\Microsoft\WindowsApps;C:\Program Files\Bandizip\;C:\Visual Studio Code\bin;D:\Visual Studio Code\bin;C:\Users\BIYUEHU\.dotnet\tools;C:\Program Files\nodejs\;C:\Users\BIYUEHU\AppData\Roaming\npm;C:\Program Files\Java\jdk1.8.0_301\b;D:\nodejs\;C:\WINDOWS\system32;C:\WINDOWS;C:\WINDOWS\System32\Wbem;C:\WINDOWS\System32\WindowsPowerShell\v1.0\;C:\WINDOWS\System32\OpenSSH\;C:\Users\BIYUEHU\.cargo\bin;G:\python\Scripts\;G:\python\;C:\Users\BIYUEHU\AppData\Local\Microsoft\WindowsApps;C:\Program Files\Bandizip\;C:\Visual Studio Code\bin;D:\Visual Studio Code\bin;C:\Users\BIYUEHU\.dotnet\tools;D:\nodejs\node_global;D:\nodejs;C:\Users\BIYUEHU\AppData\Roaming\npm;

Yarn version: 
  1.22.19

Node version: 
  18.16.0

Platform: 
  win32 x64

Trace: 
  Error: ENOENT: no such file or directory, copyfile 'C:\Users\BIYUEHU\AppData\Local\Yarn\Cache\v6\npm-ms-2.1.2-d09d1f357b443f493382a8eb3ccd183872ae6009-integrity\node_modules\ms\package.json' -> 'F:\GCFile\JS\nodejs\kotori-bot\node_modules\@typescript-eslint\eslint-plugin\node_modules\ms\package.json'

npm manifest: 
  {
  	"name": "kotori-bot",
  	"version": "0.7.4",
  	"description": "Korori Bot For Go-cqhttp And Nodejs",
  	"main": "./dist/src/index.js",
  	"types": "./dist/src/index.d.ts",
  	"scripts": {
  		"start": "ts-node -r tsconfig-paths/register ./src/app.ts --no-signale",
  		"serve": "ts-node -r tsconfig-paths/register ./src/app.ts dev --no-signale",
  		"dev": "nodemon --config nodemon.json",
  		"test": "echo testing",
  		"build": "tsc",
  		"create": "ts-node -r tsconfig-paths/register ./src/modules/create.ts",
  		"lint": "eslint \"src/**/*.{js,vue,ts}\" --fix && eslint \"plugins/**/*.{js,vue,ts}\" --fix",
  		"prettier": "prettier --config .prettierrc \"src/**/*.{vue,js,ts,json}\" --write && prettier --config .prettierrc \"plugins/**/*.{ts,json}\" --write",
  		"prepare": "husky install",
  		"release": "standard-version"
  	},
  	"author": "hotaru",
  	"license": "GPL-3.0",
  	"bugs": {
  		"url": "https://github.com/biyuehu/kotori-bot/issues"
  	},
  	"repository": {
  		"type": "git",
  		"url": "git@github.com:BIYUEHU/kotori-bot.git"
  	},
  	"homepage": "https://github.com/biyuehu/kotori-bot#readme",
  	"dependencies": {
  		"cheerio": "^1.0.0-rc.12",
  		"domain": "^0.0.1",
  		"express": "^4.18.2",
  		"fs": "^0.0.1-security",
  		"inquirer": "^8.2.6",
  		"js-base64": "^3.7.5",
  		"needle": "^3.2.0",
  		"os": "^0.1.2",
  		"path": "^0.12.7",
  		"ts-node": "^10.9.1",
  		"vm": "^0.1.0",
  		"ws": "^8.13.0",
  		"yaml": "^2.3.1"
  	},
  	"devDependencies": {
  		"@commitlint/cli": "12.1.4",
  		"@commitlint/config-conventional": "^17.7.0",
  		"@types/express": "^4.17.17",
  		"@types/inquirer": "^9.0.3",
  		"@types/needle": "^3.2.0",
  		"@types/ws": "^8.5.4",
  		"@typescript-eslint/eslint-plugin": "^6.4.0",
  		"@typescript-eslint/parser": "^6.4.0",
  		"cz-conventional-changelog": "^3.3.0",
  		"eslint-config-airbnb-base": "^15.0.0",
  		"eslint-config-prettier": "^9.0.0",
  		"eslint-import-resolver-alias": "^1.1.2",
  		"eslint-plugin-import": "^2.28.0",
  		"eslint-plugin-prettier": "^5.0.0",
  		"husky": "^8.0.3",
  		"lint-staged": "^14.0.0",
  		"nodemon": "^3.0.1",
  		"prettier": "^3.0.2",
  		"standard-version": "^9.5.0",
  		"ts-loader": "^9.4.3",
  		"tsconfig-paths": "^4.2.0",
  		"typescript": "^5.1.3"
  	},
  	"config": {
  		"commitizen": {
  			"path": "./node_modules/cz-conventional-changelog"
  		}
  	}
  }

yarn manifest: 
  No manifest

Lockfile: 
  No lockfile
