23/8/10 15:34:34 INFO Kotori Bot Version: 0.7.2 License: GPL-3.0 
23/8/10 15:34:34 INFO Kotori Bot By Hotaru 
23/8/10 15:34:34 INFO Copyright © 2023 Hotaru All rights reserved. 
23/8/10 15:34:34 WARM Run Info: Develop With Debuing... 
23/8/10 15:34:34 INFO [Connect] WebScoket server successfully established on ws://127.0.0.1:8080 
23/8/10 15:34:34 INFO Current connection mode: WsReverse 
23/8/10 15:37:37 INFO Kotori Bot Version: 0.7.2 License: GPL-3.0 
23/8/10 15:37:37 INFO Kotori Bot By Hotaru 
23/8/10 15:37:37 INFO Copyright © 2023 Hotaru All rights reserved. 
23/8/10 15:37:37 WARM Run Info: Develop With Debuing... 
23/8/10 15:37:37 INFO [Connect] WebScoket server successfully established on ws://127.0.0.1:8080 
23/8/10 15:37:37 INFO Current connection mode: WsReverse 
23/8/10 15:38:38 INFO Kotori Bot Version: 0.7.2 License: GPL-3.0 
23/8/10 15:38:38 INFO Kotori Bot By Hotaru 
23/8/10 15:38:38 INFO Copyright © 2023 Hotaru All rights reserved. 
23/8/10 15:38:38 WARM Run Info: Develop With Debuing... 
23/8/10 15:38:38 INFO [Connect] WebScoket server successfully established on ws://127.0.0.1:8080 
23/8/10 15:38:38 INFO Current connection mode: WsReverse 
23/8/10 16:13:13 INFO Kotori Bot Version: 0.7.2 License: GPL-3.0 
23/8/10 16:13:13 INFO Kotori Bot By Hotaru 
23/8/10 16:13:13 INFO Copyright © 2023 Hotaru All rights reserved. 
23/8/10 16:13:13 WARM Run Info: Develop With Debuing... 
23/8/10 16:13:13 INFO [Connect] WebScoket server successfully established on ws://127.0.0.1:8080 
23/8/10 16:13:13 INFO Current connection mode: WsReverse 
23/8/10 16:47:47 INFO Kotori Bot Version: 0.7.2 License: GPL-3.0 
23/8/10 16:47:47 INFO Kotori Bot By Hotaru 
23/8/10 16:47:47 INFO Copyright © 2023 Hotaru All rights reserved. 
23/8/10 16:47:47 WARM Run Info: Develop With Debuing... 
23/8/10 16:47:47 INFO [Connect] WebScoket server successfully established on ws://127.0.0.1:8080 
23/8/10 16:47:47 INFO Current connection mode: WsReverse 
23/8/10 16:47:47 INFO Kotori Bot Version: 0.7.2 License: GPL-3.0 
23/8/10 16:47:47 INFO Kotori Bot By Hotaru 
23/8/10 16:47:47 INFO Copyright © 2023 Hotaru All rights reserved. 
23/8/10 16:47:47 WARM Run Info: Develop With Debuing... 
23/8/10 16:47:47 INFO [Connect] WebScoket server successfully established on ws://127.0.0.1:8080 
23/8/10 16:47:47 INFO Current connection mode: WsReverse 
23/8/10 17:24:24 INFO Kotori Bot Version: 0.7.2 License: GPL-3.0 
23/8/10 17:24:24 INFO Kotori Bot By Hotaru 
23/8/10 17:24:24 INFO Copyright © 2023 Hotaru All rights reserved. 
23/8/10 17:24:24 WARM Run Info: Develop With Debuing... 
23/8/10 17:24:24 INFO [Connect] WebScoket server successfully established on ws://127.0.0.1:8080 
23/8/10 17:24:24 INFO Current connection mode: WsReverse 
23/8/10 17:29:29 INFO Kotori Bot Version: 0.7.2 License: GPL-3.0 
23/8/10 17:29:29 INFO Kotori Bot By Hotaru 
23/8/10 17:29:29 INFO Copyright © 2023 Hotaru All rights reserved. 
23/8/10 17:29:29 WARM Run Info: Develop With Debuing... 
23/8/10 17:29:29 INFO [Connect] WebScoket server successfully established on ws://127.0.0.1:8080 
23/8/10 17:29:29 INFO Current connection mode: WsReverse 
23/8/10 20:15:15 INFO [Connect] WebSocket client successfully connected 
23/8/10 20:15:15 INFO Successfully loaded 4 plugins 
23/8/10 20:15:15 INFO KotoriBot Core Plugin loaded successfully Version: 1.0.0 License: GPL-2.0 By Himeno 
23/8/10 20:15:15 INFO Web With Kotori Plugin loaded successfully Version: 1.0.1 License: MIT By Himeno 
23/8/10 20:15:15 INFO 今日牛牛长度 Plugin loaded successfully License: MIT  
23/8/10 20:15:15 LOG [Web] Express server listening at http://127.0.0.1:8000 
23/8/10 20:54:54 LOG [Plugin] Send group msg: [CQ:at,qq=1665742322] 欢迎加入本群，请先仔细阅读群公告，发送"/menu"或"菜单"查看更多BOT功能和信息 group: 317691609 
