23/8/4 13:52:52 INFO Kotori Bot Version: 0.7.3 License: GPL-3.0 
23/8/4 13:52:52 INFO Kotori Bot By Hotaru 
23/8/4 13:52:52 INFO Copyright Â© 2023 Hotaru All rights reserved. 
23/8/4 13:52:52 WARM Run Info: Develop With Debuing... 
23/8/4 13:52:52 INFO [Connect] WebScoket server successfully established on ws://127.0.0.1:8080 
23/8/4 13:52:52 INFO Current connection mode: WsReverse 
23/8/4 13:52:52 INFO [Connect] WebSocket client successfully connected 
23/8/4 13:52:52 INFO Successfully loaded 4 plugins 
23/8/4 13:52:52 INFO KotoriBot Core Plugin loaded successfully Version: 1.0.0 License: GPL-2.0 By Himeno 
23/8/4 13:52:52 INFO Web With Kotori Plugin loaded successfully Version: 1.0.1 License: MIT By Himeno 
23/8/4 13:52:52 INFO ä»Šæ—¥ç‰›ç‰›é•¿åº¦ Plugin loaded successfully License: MIT  
23/8/4 13:52:52 LOG [Web] Express server listening at http://127.0.0.1:8000 
23/8/4 13:52:52 INFO GET Request url:https://api.imlolicon.tk/sys/datastat params: {"format":"text"} 
23/8/4 13:52:52 INFO Response type: TEXT result: æ¥å£æ•°æ®
æ€»è®¡ï¼š53
æ­£å¸¸ï¼š47
ç»´æŠ¤ï¼š5
å¤–é“¾ï¼š3
éšè—ï¼š1
è°ƒç”¨æ•°æ®
æ€»è®¡ï¼š267572
ä»Šæ—¥ï¼š12
æ˜¨æ—¥ï¼š43
å¹³å‡è°ƒç”¨æ•°æ®
æ¯æœˆï¼š164
æ¯å‘¨ï¼š95
æ¯æ—¥ï¼š13
æ¯æ—¶ï¼š0
è®¿é—®æ•°æ®
æ€»è®¡ï¼š125949
ä»Šæ—¥ï¼š16
æ˜¨æ—¥ï¼š56
è®¿å®¢æ•°æ®
æ€»è®¡ï¼š26030
ä»Šæ—¥ï¼š44
æ˜¨æ—¥ï¼š115
å­ç«™ä¿¡æ¯
æ•°é‡ï¼š7
åˆ—è¡¨ï¼š
localhost
test.imlolicon.tk
api.mooncc.cn
54.i-kun.link
http://qingsu/
api.bhsr922.cn
api.xcapi.link 
23/8/4 13:52:52 LOG [Plugin] Send group msg: æ¥å£æ•°æ®
æ€»è®¡ï¼š53
æ­£å¸¸ï¼š47
ç»´æŠ¤ï¼š5
å¤–é“¾ï¼š3
éšè—ï¼š1
è°ƒç”¨æ•°æ®
æ€»è®¡ï¼š267572
ä»Šæ—¥ï¼š12
æ˜¨æ—¥ï¼š43
å¹³å‡è°ƒç”¨æ•°æ®
æ¯æœˆï¼š164
æ¯å‘¨ï¼š95
æ¯æ—¥ï¼š13
æ¯æ—¶ï¼š0
è®¿é—®æ•°æ®
æ€»è®¡ï¼š125949
ä»Šæ—¥ï¼š16
æ˜¨æ—¥ï¼š56
è®¿å®¢æ•°æ®
æ€»è®¡ï¼š26030
ä»Šæ—¥ï¼š44
æ˜¨æ—¥ï¼š115
å­ç«™ä¿¡æ¯
æ•°é‡ï¼š7
åˆ—è¡¨ï¼š
localhost
test.imlolicon.tk
api.mooncc.cn
54.i-kun.link
http://qingsu/
api.bhsr922.cn
api.xcapi.link group: 673830908 
23/8/4 13:53:53 INFO GET Request url:https://api.imlolicon.tk/sys/datastat params: {"format":"text"} 
23/8/4 13:53:53 INFO Response type: TEXT result: æ¥å£æ•°æ®
æ€»è®¡ï¼š53
æ­£å¸¸ï¼š47
ç»´æŠ¤ï¼š5
å¤–é“¾ï¼š3
éšè—ï¼š1
è°ƒç”¨æ•°æ®
æ€»è®¡ï¼š267572
ä»Šæ—¥ï¼š12
æ˜¨æ—¥ï¼š43
å¹³å‡è°ƒç”¨æ•°æ®
æ¯æœˆï¼š164
æ¯å‘¨ï¼š95
æ¯æ—¥ï¼š13
æ¯æ—¶ï¼š0
è®¿é—®æ•°æ®
æ€»è®¡ï¼š125949
ä»Šæ—¥ï¼š16
æ˜¨æ—¥ï¼š56
è®¿å®¢æ•°æ®
æ€»è®¡ï¼š26031
ä»Šæ—¥ï¼š45
æ˜¨æ—¥ï¼š115
å­ç«™ä¿¡æ¯
æ•°é‡ï¼š7
åˆ—è¡¨ï¼š
localhost
test.imlolicon.tk
api.mooncc.cn
54.i-kun.link
http://qingsu/
api.bhsr922.cn
api.xcapi.link 
23/8/4 13:53:53 LOG [Plugin] Send private msg: æ¥å£æ•°æ®
æ€»è®¡ï¼š53
æ­£å¸¸ï¼š47
ç»´æŠ¤ï¼š5
å¤–é“¾ï¼š3
éšè—ï¼š1
è°ƒç”¨æ•°æ®
æ€»è®¡ï¼š267572
ä»Šæ—¥ï¼š12
æ˜¨æ—¥ï¼š43
å¹³å‡è°ƒç”¨æ•°æ®
æ¯æœˆï¼š164
æ¯å‘¨ï¼š95
æ¯æ—¥ï¼š13
æ¯æ—¶ï¼š0
è®¿é—®æ•°æ®
æ€»è®¡ï¼š125949
ä»Šæ—¥ï¼š16
æ˜¨æ—¥ï¼š56
è®¿å®¢æ•°æ®
æ€»è®¡ï¼š26031
ä»Šæ—¥ï¼š45
æ˜¨æ—¥ï¼š115
å­ç«™ä¿¡æ¯
æ•°é‡ï¼š7
åˆ—è¡¨ï¼š
localhost
test.imlolicon.tk
api.mooncc.cn
54.i-kun.link
http://qingsu/
api.bhsr922.cn
api.xcapi.link user: 3324656453 
23/8/4 13:53:53 INFO [Connect] WebSocket client successfully connected 
23/8/4 13:53:53 INFO Successfully loaded 4 plugins 
23/8/4 13:53:53 INFO KotoriBot Core Plugin loaded successfully Version: 1.0.0 License: GPL-2.0 By Himeno 
23/8/4 13:53:53 INFO Web With Kotori Plugin loaded successfully Version: 1.0.1 License: MIT By Himeno 
23/8/4 13:53:53 INFO ä»Šæ—¥ç‰›ç‰›é•¿åº¦ Plugin loaded successfully License: MIT  
23/8/4 13:53:53 INFO GET Request url:https://api.imlolicon.tk/sys/datastat params: {"format":"text"} 
23/8/4 13:53:53 INFO GET Request url:https://api.imlolicon.tk/sys/datastat params: {"format":"text"} 
23/8/4 13:53:53 INFO Response type: TEXT result: æ¥å£æ•°æ®
æ€»è®¡ï¼š53
æ­£å¸¸ï¼š47
ç»´æŠ¤ï¼š5
å¤–é“¾ï¼š3
éšè—ï¼š1
è°ƒç”¨æ•°æ®
æ€»è®¡ï¼š267572
ä»Šæ—¥ï¼š12
æ˜¨æ—¥ï¼š43
å¹³å‡è°ƒç”¨æ•°æ®
æ¯æœˆï¼š164
æ¯å‘¨ï¼š95
æ¯æ—¥ï¼š13
æ¯æ—¶ï¼š0
è®¿é—®æ•°æ®
æ€»è®¡ï¼š125949
ä»Šæ—¥ï¼š16
æ˜¨æ—¥ï¼š56
è®¿å®¢æ•°æ®
æ€»è®¡ï¼š26032
ä»Šæ—¥ï¼š46
æ˜¨æ—¥ï¼š115
å­ç«™ä¿¡æ¯
æ•°é‡ï¼š7
åˆ—è¡¨ï¼š
localhost
test.imlolicon.tk
api.mooncc.cn
54.i-kun.link
http://qingsu/
api.bhsr922.cn
api.xcapi.link 
23/8/4 13:53:53 LOG [Plugin] Send private msg: æ¥å£æ•°æ®
æ€»è®¡ï¼š53
æ­£å¸¸ï¼š47
ç»´æŠ¤ï¼š5
å¤–é“¾ï¼š3
éšè—ï¼š1
è°ƒç”¨æ•°æ®
æ€»è®¡ï¼š267572
ä»Šæ—¥ï¼š12
æ˜¨æ—¥ï¼š43
å¹³å‡è°ƒç”¨æ•°æ®
æ¯æœˆï¼š164
æ¯å‘¨ï¼š95
æ¯æ—¥ï¼š13
æ¯æ—¶ï¼š0
è®¿é—®æ•°æ®
æ€»è®¡ï¼š125949
ä»Šæ—¥ï¼š16
æ˜¨æ—¥ï¼š56
è®¿å®¢æ•°æ®
æ€»è®¡ï¼š26032
ä»Šæ—¥ï¼š46
æ˜¨æ—¥ï¼š115
å­ç«™ä¿¡æ¯
æ•°é‡ï¼š7
åˆ—è¡¨ï¼š
localhost
test.imlolicon.tk
api.mooncc.cn
54.i-kun.link
http://qingsu/
api.bhsr922.cn
api.xcapi.link user: 3324656453 
23/8/4 13:53:53 INFO Response type: TEXT result: æ¥å£æ•°æ®
æ€»è®¡ï¼š53
æ­£å¸¸ï¼š47
ç»´æŠ¤ï¼š5
å¤–é“¾ï¼š3
éšè—ï¼š1
è°ƒç”¨æ•°æ®
æ€»è®¡ï¼š267572
ä»Šæ—¥ï¼š12
æ˜¨æ—¥ï¼š43
å¹³å‡è°ƒç”¨æ•°æ®
æ¯æœˆï¼š164
æ¯å‘¨ï¼š95
æ¯æ—¥ï¼š13
æ¯æ—¶ï¼š0
è®¿é—®æ•°æ®
æ€»è®¡ï¼š125949
ä»Šæ—¥ï¼š16
æ˜¨æ—¥ï¼š56
è®¿å®¢æ•°æ®
æ€»è®¡ï¼š26033
ä»Šæ—¥ï¼š47
æ˜¨æ—¥ï¼š115
å­ç«™ä¿¡æ¯
æ•°é‡ï¼š7
åˆ—è¡¨ï¼š
localhost
test.imlolicon.tk
api.mooncc.cn
54.i-kun.link
http://qingsu/
api.bhsr922.cn
api.xcapi.link 
23/8/4 13:53:53 LOG [Plugin] Send private msg: æ¥å£æ•°æ®
æ€»è®¡ï¼š53
æ­£å¸¸ï¼š47
ç»´æŠ¤ï¼š5
å¤–é“¾ï¼š3
éšè—ï¼š1
è°ƒç”¨æ•°æ®
æ€»è®¡ï¼š267572
ä»Šæ—¥ï¼š12
æ˜¨æ—¥ï¼š43
å¹³å‡è°ƒç”¨æ•°æ®
æ¯æœˆï¼š164
æ¯å‘¨ï¼š95
æ¯æ—¥ï¼š13
æ¯æ—¶ï¼š0
è®¿é—®æ•°æ®
æ€»è®¡ï¼š125949
ä»Šæ—¥ï¼š16
æ˜¨æ—¥ï¼š56
è®¿å®¢æ•°æ®
æ€»è®¡ï¼š26033
ä»Šæ—¥ï¼š47
æ˜¨æ—¥ï¼š115
å­ç«™ä¿¡æ¯
æ•°é‡ï¼š7
åˆ—è¡¨ï¼š
localhost
test.imlolicon.tk
api.mooncc.cn
54.i-kun.link
http://qingsu/
api.bhsr922.cn
api.xcapi.link user: 3324656453 
23/8/4 13:53:53 INFO Kotori Bot Version: 0.7.3 License: GPL-3.0 
23/8/4 13:53:53 INFO Kotori Bot By Hotaru 
23/8/4 13:53:53 INFO Copyright Â© 2023 Hotaru All rights reserved. 
23/8/4 13:53:53 WARM Run Info: Develop With Debuing... 
23/8/4 13:53:53 INFO [Connect] WebScoket server successfully established on ws://127.0.0.1:8080 
23/8/4 13:53:53 INFO Current connection mode: WsReverse 
23/8/4 13:53:53 INFO [Connect] WebSocket client successfully connected 
23/8/4 13:53:53 INFO Successfully loaded 4 plugins 
23/8/4 13:53:53 INFO KotoriBot Core Plugin loaded successfully Version: 1.0.0 License: GPL-2.0 By Himeno 
23/8/4 13:53:53 INFO Web With Kotori Plugin loaded successfully Version: 1.0.1 License: MIT By Himeno 
23/8/4 13:53:53 INFO ä»Šæ—¥ç‰›ç‰›é•¿åº¦ Plugin loaded successfully License: MIT  
23/8/4 13:53:53 LOG [Web] Express server listening at http://127.0.0.1:8000 
23/8/4 13:53:53 ERROR {} 
23/8/4 13:53:53 LOG [Plugin] Send group msg: [CQ:at,qq=3324656453]ä»Šæ—¥çš„ç‰›~ç‰›é•¿åº¦æ˜¯6cm group: 317691609 
23/8/4 14:1:1 LOG [Plugin] Send group msg: [CQ:at,qq=2470895885]ä»Šæ—¥çš„ç‰›~ç‰›é•¿åº¦æ˜¯19cm group: 317691609 
23/8/4 15:15:15 LOG [Plugin] Send group msg: [CQ:at,qq=1843572349]ä»Šæ—¥çš„ç‰›~ç‰›é•¿åº¦æ˜¯30cm group: 317691609 
23/8/4 15:16:16 LOG [Plugin] Send group msg: [CQ:at,qq=1907976915] æ¬¢è¿åŠ å…¥æœ¬ç¾¤ï¼Œè¯·å…ˆä»”ç»†é˜…è¯»ç¾¤å…¬å‘Šï¼Œå‘é€"/menu"æˆ–"èœå•"æŸ¥çœ‹æ›´å¤šBOTåŠŸèƒ½å’Œä¿¡æ¯ group: 317691609 
23/8/4 15:16:16 LOG [Plugin] Send group msg: [CQ:at,qq=1843572349]ä»Šæ—¥çš„ç‰›~ç‰›é•¿åº¦æ˜¯30cm group: 317691609 
23/8/4 15:16:16 LOG [Plugin] Send group msg: Kotori-Bot:
æ—¥å¸¸å·¥å…· æŸ¥è¯¢å·¥å…·
éšæœºå›¾ç‰‡ éšæœºè¯­å½•
GPTèŠå¤© ç¾¤ç®¡ç³»ç»Ÿ
ç‰¹æ®ŠåŠŸèƒ½ å…³äºä¿¡æ¯
ByHimeno group: 317691609 
23/8/4 15:16:16 LOG [Plugin] Send group msg: Kotori-Bot:
å‘é€æŒ‡ä»¤æ—¶æ— éœ€å¸¦[]
/music [æ­Œå*åºå·]: ç½‘æ˜“äº‘ç‚¹æ­Œ,åºå·ä¸å¡«é»˜è®¤ä¸º1,ä¾‹å­:æ­Œå*2
/bgm [åå­—*åºå·]: ç•ªç»„è®¡åˆ’,æœç´¢æ¸¸æˆ/åŠ¨æ¼«/è§’è‰²ç­‰
/bgmc: è·å–ç•ªç»„è®¡åˆ’ä»Šæ—¥æ”¾é€
/star [æ˜Ÿåº§å]: æŸ¥çœ‹ä»Šæ—¥æ˜Ÿåº§è¿åŠ¿
/tran [å†…å®¹]: ä¸­è‹±äº’è¯‘
/lunar: æŸ¥çœ‹å†œå†
/story: æŸ¥çœ‹å†å²ä¸Šçš„ä»Šå¤© group: 317691609 
23/8/4 15:17:17 INFO GET Request url:https://api.imlolicon.tk/api/storytoday params: empty 
23/8/4 15:17:17 INFO Response type: JSON result: {"code":500,"message":"success","data":["1821å¹´-æ³•å›½è‘—åå¥¢ä¾ˆå“å“ç‰ŒLVåˆ›å§‹äººè·¯æ˜“Â·å¨ç™»è¯ç”Ÿ","1998å¹´-ä¸­å›½äººé¦–æ¬¡ç™»é¡¶åšæ ¼è¾¾å³°","1996å¹´-ç¬¬26å±Šå¥¥è¿ä¼šè½ä¸‹å¸·å¹•","1998å¹´-é•¿æ±Ÿå­¦è€…å¥–åŠ±è®¡åˆ’å…¨é¢å¯åŠ¨","1966å¹´-æ¸…æœ«æ°‘åˆé«˜çº§å®˜å‘˜æ›¹æ±éœ–ç—…æ­»","1805å¹´-çˆ±å°”å…°æ•°å­¦å®¶å¨å»‰Â·å“ˆå¯†é¡¿è¯ç”Ÿ","1792å¹´-è‹±å›½æœ€ä¼Ÿå¤§çš„æŠ’æƒ…è¯—äººé›ªè±è¯ç”Ÿ","1941å¹´-ä¸­å›½ç°ä»£è‘—åå°è¯´å®¶è®¸åœ°å±±ç—…é€","1935å¹´-ä¸­å…±ä¸­å¤®åœ¨æ¯›å„¿ç›–å¬å¼€æ²™çªä¼šè®®","1875å¹´-ä¸¹éº¦ä½œå®¶å®‰å¾’ç”Ÿé€ä¸–"]} 
23/8/4 15:17:17 LOG [Plugin] Send group msg: å†å²ä¸Šçš„ä»Šå¤©
1821å¹´-æ³•å›½è‘—åå¥¢ä¾ˆå“å“ç‰ŒLVåˆ›å§‹äººè·¯æ˜“Â·å¨ç™»è¯ç”Ÿ
1998å¹´-ä¸­å›½äººé¦–æ¬¡ç™»é¡¶åšæ ¼è¾¾å³°
1996å¹´-ç¬¬26å±Šå¥¥è¿ä¼šè½ä¸‹å¸·å¹•
1998å¹´-é•¿æ±Ÿå­¦è€…å¥–åŠ±è®¡åˆ’å…¨é¢å¯åŠ¨
1966å¹´-æ¸…æœ«æ°‘åˆé«˜çº§å®˜å‘˜æ›¹æ±éœ–ç—…æ­»
1805å¹´-çˆ±å°”å…°æ•°å­¦å®¶å¨å»‰Â·å“ˆå¯†é¡¿è¯ç”Ÿ
1792å¹´-è‹±å›½æœ€ä¼Ÿå¤§çš„æŠ’æƒ…è¯—äººé›ªè±è¯ç”Ÿ
1941å¹´-ä¸­å›½ç°ä»£è‘—åå°è¯´å®¶è®¸åœ°å±±ç—…é€
1935å¹´-ä¸­å…±ä¸­å¤®åœ¨æ¯›å„¿ç›–å¬å¼€æ²™çªä¼šè®®
1875å¹´-ä¸¹éº¦ä½œå®¶å®‰å¾’ç”Ÿé€ä¸– group: 317691609 
23/8/4 15:17:17 LOG [Plugin] Send group msg: æœåŠ¡å™¨è¿è¡ŒçŠ¶æ€
ç³»ç»Ÿå†…æ ¸ï¼šWindows_NT
ç³»ç»Ÿå¹³å°ï¼šwin32
CPUæ¶æ„ï¼šx64
CPUå‹å·ï¼š11th Gen Intel(R) Core(TM) i5-11400 @ 2.60GHz
CPUé¢‘ç‡ï¼š2.53GHz
CPUæ ¸å¿ƒæ•°ï¼š12
CPUä½¿ç”¨ç‡ï¼š110.73%
å†…å­˜æ€»é‡ï¼š23.90GB
å¯ç”¨å†…å­˜ï¼š16.50GB
å†…å­˜ä½¿ç”¨ç‡ï¼š69.05%
ç½‘å¡æ•°é‡ï¼š6
å¼€æœºæ—¶é—´ï¼š00:04:11:16
ä¸»æœºåå­—ï¼šBIYUEHU
ç³»ç»Ÿç›®å½•ï¼šC:\Users\BIYUEHU
ByHimeno group: 317691609 
23/8/4 15:32:32 INFO Kotori Bot Version: 0.7.3 License: GPL-3.0 
23/8/4 15:32:32 INFO Kotori Bot By Hotaru 
23/8/4 15:32:32 INFO Copyright Â© 2023 Hotaru All rights reserved. 
23/8/4 15:32:32 WARM Run Info: Develop With Debuing... 
23/8/4 15:32:32 INFO [Connect] WebScoket server successfully established on ws://127.0.0.1:8080 
23/8/4 15:32:32 INFO Current connection mode: WsReverse 
23/8/4 15:32:32 INFO [Connect] WebSocket client successfully connected 
23/8/4 15:32:32 INFO Successfully loaded 4 plugins 
23/8/4 15:33:33 INFO KotoriBot Core Plugin loaded successfully Version: 1.0.0 License: GPL-2.0 By Himeno 
23/8/4 15:33:33 INFO Web With Kotori Plugin loaded successfully Version: 1.0.1 License: MIT By Himeno 
23/8/4 15:33:33 INFO ä»Šæ—¥ç‰›ç‰›é•¿åº¦ Plugin loaded successfully License: MIT  
23/8/4 15:33:33 LOG [Web] Express server listening at http://127.0.0.1:8000 
23/8/4 16:2:2 INFO Kotori Bot Version: 0.7.3 License: GPL-3.0 
23/8/4 16:2:2 INFO Kotori Bot By Hotaru 
23/8/4 16:2:2 INFO Copyright Â© 2023 Hotaru All rights reserved. 
23/8/4 16:2:2 WARM Run Info: Develop With Debuing... 
23/8/4 16:2:2 INFO [Connect] WebScoket server successfully established on ws://127.0.0.1:8080 
23/8/4 16:2:2 INFO Current connection mode: WsReverse 
23/8/4 16:2:2 INFO [Connect] WebSocket client successfully connected 
23/8/4 16:2:2 INFO Successfully loaded 4 plugins 
23/8/4 16:2:2 INFO Web With Kotori Plugin loaded successfully Version: 1.0.1 License: MIT By Himeno 
23/8/4 16:2:2 INFO ä»Šæ—¥ç‰›ç‰›é•¿åº¦ Plugin loaded successfully License: MIT  
23/8/4 16:2:2 LOG [Web] Express server listening at http://127.0.0.1:8000 
23/8/4 16:2:2 ERROR F:\GCFile\JS\nodejs\kotori-bot\node_modules\ts-node\src\index.ts:859
    return new TSError(diagnosticText, diagnosticCodes, diagnostics);
           ^ 
23/8/4 16:2:2 ERROR TSError: â¨¯ Unable to compile TypeScript:
[96mplugins/kotori-bot/index.ts[0m:[93m69[0m:[93m41[0m - [91merror[0m[90m TS2662: [0mCannot find name 'Const'. Did you mean the static member 'Main.Const'?

[7m69[0m         const result = data.user_id === Const._CONFIG.bot.master;
[7m  [0m [91m                                        ~~~~~[0m
[96mplugins/kotori-bot/index.ts[0m:[93m100[0m:[93m13[0m - [91merror[0m[90m TS2693: [0m'Api' only refers to a type, but is being used as a value here.

[7m100[0m             Api.send_private_msg(msg, this.data.user_id)
[7m   [0m [91m            ~~~[0m
[96mplugins/kotori-bot/index.ts[0m:[93m102[0m:[93m13[0m - [91merror[0m[90m TS2693: [0m'Api' only refers to a type, but is being used as a value here.

[7m102[0m             Api.send_group_msg(msg, <number>this.data.group_id)
[7m   [0m [91m            ~~~[0m
[96mplugins/kotori-bot/index.ts[0m:[93m473[0m:[93m17[0m - [91merror[0m[90m TS2693: [0m'Const' only refers to a type, but is being used as a value here.

[7m473[0m     const BOT = Const._BOT;
[7m   [0m [91m                ~~~~~[0m
[96mplugins/kotori-bot/index.ts[0m:[93m517[0m:[93m9[0m - [91merror[0m[90m TS2693: [0m'Api' only refers to a type, but is being used as a value here.

[7m517[0m         Api.set_group_ban(data.group_id!, qq, time * 60);
[7m   [0m [91m        ~~~[0m
[96mplugins/kotori-bot/index.ts[0m:[93m520[0m:[93m9[0m - [91merror[0m[90m TS2693: [0m'Api' only refers to a type, but is being used as a value here.

[7m520[0m         Api.set_group_whole_ban(data.group_id!);
[7m   [0m [91m        ~~~[0m
[96mplugins/kotori-bot/index.ts[0m:[93m528[0m:[93m9[0m - [91merror[0m[90m TS2693: [0m'Api' only refers to a type, but is being used as a value here.

[7m528[0m         Api.set_group_ban(data.group_id!, qq, 0);
[7m   [0m [91m        ~~~[0m
[96mplugins/kotori-bot/index.ts[0m:[93m531[0m:[93m9[0m - [91merror[0m[90m TS2693: [0m'Api' only refers to a type, but is being used as a value here.

[7m531[0m         Api.set_group_whole_ban(data.group_id!, false);
[7m   [0m [91m        ~~~[0m
[96mplugins/kotori-bot/index.ts[0m:[93m540[0m:[93m9[0m - [91merror[0m[90m TS2693: [0m'Api' only refers to a type, but is being used as a value here.

[7m540[0m         Api.set_group_kick(data.group_id!, qq);
[7m   [0m [91m        ~~~[0m
[96mplugins/kotori-bot/index.ts[0m:[93m559[0m:[93m5[0m - [91merror[0m[90m TS2693: [0m'Api' only refers to a type, but is being used as a value here.

[7m559[0m     Api._send_group_notice(data.group_id!, `From Admin~\n${target}`, image || undefined)
[7m   [0m [91m    ~~~[0m

    at createTSError [90m(F:\GCFile\JS\nodejs\kotori-bot\[39mnode_modules\[4mts-node[24m\src\index.ts:859:12[90m)[39m
    at reportTSError [90m(F:\GCFile\JS\nodejs\kotori-bot\[39mnode_modules\[4mts-node[24m\src\index.ts:863:19[90m)[39m
    at getOutput [90m(F:\GCFile\JS\nodejs\kotori-bot\[39mnode_modules\[4mts-node[24m\src\index.ts:1077:36[90m)[39m
    at Object.compile [90m(F:\GCFile\JS\nodejs\kotori-bot\[39mnode_modules\[4mts-node[24m\src\index.ts:1433:41[90m)[39m
    at Module.m._compile [90m(F:\GCFile\JS\nodejs\kotori-bot\[39mnode_modules\[4mts-node[24m\src\index.ts:1617:30[90m)[39m
[90m    at Module._extensions..js (node:internal/modules/cjs/loader:1308:10)[39m
    at Object.require.extensions.<computed> [as .ts] [90m(F:\GCFile\JS\nodejs\kotori-bot\[39mnode_modules\[4mts-node[24m\src\index.ts:1621:12[90m)[39m
[90m    at Module.load (node:internal/modules/cjs/loader:1117:32)[39m
[90m    at Function.Module._load (node:internal/modules/cjs/loader:958:12)[39m
[90m    at Module.require (node:internal/modules/cjs/loader:1141:19)[39m {
  diagnosticCodes: [
    [33m2662[39m, [33m2693[39m, [33m2693[39m,
    [33m2693[39m, [33m2693[39m, [33m2693[39m,
    [33m2693[39m, [33m2693[39m, [33m2693[39m,
    [33m2693[39m
  ]
} 
23/8/4 16:4:4 INFO Kotori Bot Version: 0.7.3 License: GPL-3.0 
23/8/4 16:4:4 INFO Kotori Bot By Hotaru 
23/8/4 16:4:4 INFO Copyright Â© 2023 Hotaru All rights reserved. 
23/8/4 16:4:4 WARM Run Info: Develop With Debuing... 
23/8/4 16:4:4 INFO [Connect] WebScoket server successfully established on ws://127.0.0.1:8080 
23/8/4 16:4:4 INFO Current connection mode: WsReverse 
23/8/4 16:4:4 INFO [Connect] WebSocket client successfully connected 
23/8/4 16:4:4 INFO Successfully loaded 4 plugins 
23/8/4 16:4:4 INFO Web With Kotori Plugin loaded successfully Version: 1.0.1 License: MIT By Himeno 
23/8/4 16:4:4 INFO ä»Šæ—¥ç‰›ç‰›é•¿åº¦ Plugin loaded successfully License: MIT  
23/8/4 16:4:4 LOG [Web] Express server listening at http://127.0.0.1:8000 
23/8/4 16:4:4 ERROR F:\GCFile\JS\nodejs\kotori-bot\main.ts:271
            demo.default(<T.Event>params[0], <T.Api>params[1], <T.Const>params[2]);
                        ^ 
23/8/4 16:4:4 ERROR TypeError: Class constructor Main cannot be invoked without 'new'
    at Main.<anonymous> [90m(F:\GCFile\JS\nodejs\kotori-bot\[39mmain.ts:271:25[90m)[39m
    at Generator.next (<anonymous>)
    at fulfilled [90m(F:\GCFile\JS\nodejs\kotori-bot\[39mmain.ts:28:58[90m)[39m
[90m    at processTicksAndRejections (node:internal/process/task_queues:95:5)[39m 
23/8/4 16:23:23 INFO Kotori Bot Version: 0.7.3 License: GPL-3.0 
23/8/4 16:23:23 INFO Kotori Bot By Hotaru 
23/8/4 16:23:23 INFO Copyright Â© 2023 Hotaru All rights reserved. 
23/8/4 16:23:23 WARM Run Info: Develop With Debuing... 
23/8/4 16:23:23 INFO [Connect] WebScoket server successfully established on ws://127.0.0.1:8080 
23/8/4 16:23:23 INFO Current connection mode: WsReverse 
23/8/4 16:23:23 INFO [Connect] WebSocket client successfully connected 
23/8/4 16:23:23 INFO Successfully loaded 4 plugins 
23/8/4 16:23:23 INFO Web With Kotori Plugin loaded successfully Version: 1.0.1 License: MIT By Himeno 
23/8/4 16:23:23 INFO ä»Šæ—¥ç‰›ç‰›é•¿åº¦ Plugin loaded successfully License: MIT  
23/8/4 16:23:23 LOG [Web] Express server listening at http://127.0.0.1:8000 
23/8/4 16:23:23 ERROR F:\GCFile\JS\nodejs\kotori-bot\main.ts:271
            demo.default(<T.Event>params[0], <T.Api>params[1], <T.Const>params[2]);
                        ^ 
23/8/4 16:23:23 ERROR TypeError: Class constructor Main cannot be invoked without 'new'
    at Main.<anonymous> [90m(F:\GCFile\JS\nodejs\kotori-bot\[39mmain.ts:271:25[90m)[39m
    at Generator.next (<anonymous>)
    at fulfilled [90m(F:\GCFile\JS\nodejs\kotori-bot\[39mmain.ts:28:58[90m)[39m
[90m    at processTicksAndRejections (node:internal/process/task_queues:95:5)[39m 
23/8/4 16:24:24 INFO Kotori Bot Version: 0.7.3 License: GPL-3.0 
23/8/4 16:24:24 INFO Kotori Bot By Hotaru 
23/8/4 16:24:24 INFO Copyright Â© 2023 Hotaru All rights reserved. 
23/8/4 16:24:24 WARM Run Info: Develop With Debuing... 
23/8/4 16:24:24 INFO [Connect] WebScoket server successfully established on ws://127.0.0.1:8080 
23/8/4 16:24:24 INFO Current connection mode: WsReverse 
23/8/4 16:24:24 INFO [Connect] WebSocket client successfully connected 
23/8/4 16:24:24 INFO Successfully loaded 4 plugins 
23/8/4 16:24:24 INFO Web With Kotori Plugin loaded successfully Version: 1.0.1 License: MIT By Himeno 
23/8/4 16:24:24 INFO ä»Šæ—¥ç‰›ç‰›é•¿åº¦ Plugin loaded successfully License: MIT  
23/8/4 16:24:24 LOG [Web] Express server listening at http://127.0.0.1:8000 
23/8/4 16:24:24 ERROR F:\GCFile\JS\nodejs\kotori-bot\main.ts:269
        demo.default.prototype ? new ((demo.default as Function)(...params)) : (demo.default as Function)(...params);
                                                                ^ 
23/8/4 16:24:24 ERROR TypeError: Class constructor Main cannot be invoked without 'new'
    at Main.<anonymous> [90m(F:\GCFile\JS\nodejs\kotori-bot\[39mmain.ts:269:65[90m)[39m
    at Generator.next (<anonymous>)
    at fulfilled [90m(F:\GCFile\JS\nodejs\kotori-bot\[39mmain.ts:28:58[90m)[39m
[90m    at processTicksAndRejections (node:internal/process/task_queues:95:5)[39m 
23/8/4 16:29:29 INFO Kotori Bot Version: 0.7.3 License: GPL-3.0 
23/8/4 16:29:29 INFO Kotori Bot By Hotaru 
23/8/4 16:29:29 INFO Copyright Â© 2023 Hotaru All rights reserved. 
23/8/4 16:29:29 WARM Run Info: Develop With Debuing... 
23/8/4 16:29:29 INFO [Connect] WebScoket server successfully established on ws://127.0.0.1:8080 
23/8/4 16:29:29 INFO Current connection mode: WsReverse 
23/8/4 16:29:29 INFO [Connect] WebSocket client successfully connected 
23/8/4 16:29:29 INFO Successfully loaded 4 plugins 
23/8/4 16:29:29 INFO Web With Kotori Plugin loaded successfully Version: 1.0.1 License: MIT By Himeno 
23/8/4 16:29:29 INFO ä»Šæ—¥ç‰›ç‰›é•¿åº¦ Plugin loaded successfully License: MIT  
23/8/4 16:29:29 LOG [Web] Express server listening at http://127.0.0.1:8000 
23/8/4 16:29:29 ERROR F:\GCFile\JS\nodejs\kotori-bot\main.ts:269
        demo.default.prototype ? new ((demo.default as Function)(...params)) : (demo.default as Function)(...params);
                                                                ^ 
23/8/4 16:29:29 ERROR TypeError: Class constructor Main cannot be invoked without 'new'
    at Main.<anonymous> [90m(F:\GCFile\JS\nodejs\kotori-bot\[39mmain.ts:269:65[90m)[39m
    at Generator.next (<anonymous>)
    at fulfilled [90m(F:\GCFile\JS\nodejs\kotori-bot\[39mmain.ts:28:58[90m)[39m
[90m    at processTicksAndRejections (node:internal/process/task_queues:95:5)[39m 
23/8/4 16:30:30 INFO Kotori Bot Version: 0.7.3 License: GPL-3.0 
23/8/4 16:30:30 INFO Kotori Bot By Hotaru 
23/8/4 16:30:30 INFO Copyright Â© 2023 Hotaru All rights reserved. 
23/8/4 16:30:30 WARM Run Info: Develop With Debuing... 
23/8/4 16:30:30 INFO [Connect] WebScoket server successfully established on ws://127.0.0.1:8080 
23/8/4 16:30:30 INFO Current connection mode: WsReverse 
23/8/4 16:30:30 INFO [Connect] WebSocket client successfully connected 
23/8/4 16:30:30 INFO Successfully loaded 4 plugins 
23/8/4 16:30:30 INFO KotoriBot Core Plugin loaded successfully Version: 1.0.0 License: GPL-2.0 By Himeno 
23/8/4 16:30:30 INFO Web With Kotori Plugin loaded successfully Version: 1.0.1 License: MIT By Himeno 
23/8/4 16:30:30 INFO ä»Šæ—¥ç‰›ç‰›é•¿åº¦ Plugin loaded successfully License: MIT  
23/8/4 16:30:30 LOG [Web] Express server listening at http://127.0.0.1:8000 
23/8/4 16:30:30 INFO Kotori Bot Version: 0.7.3 License: GPL-3.0 
23/8/4 16:30:30 INFO Kotori Bot By Hotaru 
23/8/4 16:30:30 INFO Copyright Â© 2023 Hotaru All rights reserved. 
23/8/4 16:30:30 WARM Run Info: Develop With Debuing... 
23/8/4 16:30:30 INFO [Connect] WebScoket server successfully established on ws://127.0.0.1:8080 
23/8/4 16:30:30 INFO Current connection mode: WsReverse 
23/8/4 16:30:30 INFO [Connect] WebSocket client successfully connected 
23/8/4 16:30:30 INFO Successfully loaded 4 plugins 
23/8/4 16:30:30 INFO KotoriBot Core Plugin loaded successfully Version: 1.0.0 License: GPL-2.0 By Himeno 
23/8/4 16:30:30 INFO Web With Kotori Plugin loaded successfully Version: 1.0.1 License: MIT By Himeno 
23/8/4 16:30:30 INFO ä»Šæ—¥ç‰›ç‰›é•¿åº¦ Plugin loaded successfully License: MIT  
23/8/4 16:30:30 LOG [Web] Express server listening at http://127.0.0.1:8000 
23/8/4 16:30:30 INFO GET Request url:https://api.imlolicon.tk/sys/datastat params: {"format":"text"} 
23/8/4 16:30:30 INFO Response type: TEXT result: æ¥å£æ•°æ®
æ€»è®¡ï¼š53
æ­£å¸¸ï¼š47
ç»´æŠ¤ï¼š5
å¤–é“¾ï¼š3
éšè—ï¼š1
è°ƒç”¨æ•°æ®
æ€»è®¡ï¼š267574
ä»Šæ—¥ï¼š14
æ˜¨æ—¥ï¼š43
å¹³å‡è°ƒç”¨æ•°æ®
æ¯æœˆï¼š164
æ¯å‘¨ï¼š95
æ¯æ—¥ï¼š13
æ¯æ—¶ï¼š0
è®¿é—®æ•°æ®
æ€»è®¡ï¼š125952
ä»Šæ—¥ï¼š19
æ˜¨æ—¥ï¼š56
è®¿å®¢æ•°æ®
æ€»è®¡ï¼š26045
ä»Šæ—¥ï¼š59
æ˜¨æ—¥ï¼š115
å­ç«™ä¿¡æ¯
æ•°é‡ï¼š7
åˆ—è¡¨ï¼š
localhost
test.imlolicon.tk
api.mooncc.cn
54.i-kun.link
http://qingsu/
api.bhsr922.cn
api.xcapi.link 
23/8/4 16:30:30 LOG [Plugin] Send group msg: æ¥å£æ•°æ®
æ€»è®¡ï¼š53
æ­£å¸¸ï¼š47
ç»´æŠ¤ï¼š5
å¤–é“¾ï¼š3
éšè—ï¼š1
è°ƒç”¨æ•°æ®
æ€»è®¡ï¼š267574
ä»Šæ—¥ï¼š14
æ˜¨æ—¥ï¼š43
å¹³å‡è°ƒç”¨æ•°æ®
æ¯æœˆï¼š164
æ¯å‘¨ï¼š95
æ¯æ—¥ï¼š13
æ¯æ—¶ï¼š0
è®¿é—®æ•°æ®
æ€»è®¡ï¼š125952
ä»Šæ—¥ï¼š19
æ˜¨æ—¥ï¼š56
è®¿å®¢æ•°æ®
æ€»è®¡ï¼š26045
ä»Šæ—¥ï¼š59
æ˜¨æ—¥ï¼š115
å­ç«™ä¿¡æ¯
æ•°é‡ï¼š7
åˆ—è¡¨ï¼š
localhost
test.imlolicon.tk
api.mooncc.cn
54.i-kun.link
http://qingsu/
api.bhsr922.cn
api.xcapi.link group: 673830908 
23/8/4 16:35:35 INFO Kotori Bot Version: 0.7.3 License: GPL-3.0 
23/8/4 16:35:35 INFO Kotori Bot By Hotaru 
23/8/4 16:35:35 INFO Copyright Â© 2023 Hotaru All rights reserved. 
23/8/4 16:35:35 WARM Run Info: Develop With Debuing... 
23/8/4 16:35:35 INFO [Connect] WebScoket server successfully established on ws://127.0.0.1:8080 
23/8/4 16:35:35 INFO Current connection mode: WsReverse 
23/8/4 16:35:35 INFO [Connect] WebSocket client successfully connected 
23/8/4 16:35:35 INFO Successfully loaded 4 plugins 
23/8/4 16:35:35 INFO KotoriBot Core Plugin loaded successfully Version: 1.0.0 License: GPL-2.0 By Himeno 
23/8/4 16:35:35 INFO Web With Kotori Plugin loaded successfully Version: 1.0.1 License: MIT By Himeno 
23/8/4 16:35:35 INFO ä»Šæ—¥ç‰›ç‰›é•¿åº¦ Plugin loaded successfully License: MIT  
23/8/4 16:35:35 LOG [Web] Express server listening at http://127.0.0.1:8000 
23/8/4 16:36:36 INFO Kotori Bot Version: 0.7.3 License: GPL-3.0 
23/8/4 16:36:36 INFO Kotori Bot By Hotaru 
23/8/4 16:36:36 INFO Copyright Â© 2023 Hotaru All rights reserved. 
23/8/4 16:36:36 WARM Run Info: Develop With Debuing... 
23/8/4 16:36:36 INFO [Connect] WebScoket server successfully established on ws://127.0.0.1:8080 
23/8/4 16:36:36 INFO Current connection mode: WsReverse 
23/8/4 16:36:36 INFO [Connect] WebSocket client successfully connected 
23/8/4 16:36:36 INFO Successfully loaded 4 plugins 
23/8/4 16:36:36 INFO KotoriBot Core Plugin loaded successfully Version: 1.0.0 License: GPL-2.0 By Himeno 
23/8/4 16:36:36 INFO Web With Kotori Plugin loaded successfully Version: 1.0.1 License: MIT By Himeno 
23/8/4 16:36:36 INFO ä»Šæ—¥ç‰›ç‰›é•¿åº¦ Plugin loaded successfully License: MIT  
23/8/4 16:36:36 LOG [Web] Express server listening at http://127.0.0.1:8000 
23/8/4 16:42:42 INFO Kotori Bot Version: 0.7.3 License: GPL-3.0 
23/8/4 16:42:42 INFO Kotori Bot By Hotaru 
23/8/4 16:42:42 INFO Copyright Â© 2023 Hotaru All rights reserved. 
23/8/4 16:42:42 WARM Run Info: Develop With Debuing... 
23/8/4 16:42:42 INFO [Connect] WebScoket server successfully established on ws://127.0.0.1:8080 
23/8/4 16:42:42 INFO Current connection mode: WsReverse 
23/8/4 17:24:24 INFO Kotori Bot Version: 0.7.3 License: GPL-3.0 
23/8/4 17:24:24 INFO Kotori Bot By Hotaru 
23/8/4 17:24:24 INFO Copyright Â© 2023 Hotaru All rights reserved. 
23/8/4 17:24:24 WARM Run Info: Develop With Debuing... 
23/8/4 17:24:24 INFO [Connect] WebScoket server successfully established on ws://127.0.0.1:8080 
23/8/4 17:24:24 INFO Current connection mode: WsReverse 
23/8/4 17:24:24 INFO [Connect] WebSocket client successfully connected 
23/8/4 17:24:24 INFO Successfully loaded 4 plugins 
23/8/4 17:24:24 INFO KotoriBot Core Plugin loaded successfully Version: 1.0.0 License: GPL-2.0 By Himeno 
23/8/4 17:24:24 INFO Web With Kotori Plugin loaded successfully Version: 1.0.1 License: MIT By Himeno 
23/8/4 17:24:24 INFO ä»Šæ—¥ç‰›ç‰›é•¿åº¦ Plugin loaded successfully License: MIT  
23/8/4 17:24:24 LOG [Web] Express server listening at http://127.0.0.1:8000 
23/8/4 17:24:24 LOG [Web] [GET] Request path: /api/data/BotGET 
23/8/4 17:24:24 LOG [Web] [GET] Request path: /api/data/KotoriGET 
23/8/4 17:24:24 LOG [Web] [GET] Request path: /api/data/EnvGET 
23/8/4 17:24:24 LOG [Web] [GET] Request path: /api/data/BotGET 
23/8/4 17:24:24 LOG [Web] [GET] Request path: /api/data/KotoriGET 
23/8/4 17:24:24 LOG [Web] [GET] Request path: /api/data/ServerGET 
23/8/4 17:24:24 LOG [Web] [GET] Request path: /api/data/EnvGET 
23/8/4 17:24:24 LOG [Web] [GET] Request path: /api/data/BotGET 
23/8/4 17:24:24 LOG [Web] [GET] Request path: /api/data/BotGET 
23/8/4 17:24:24 LOG [Web] [GET] Request path: /api/data/ServerGET 
23/8/4 17:24:24 LOG [Web] [GET] Request path: /api/data/BotGET 
23/8/4 17:24:24 LOG [Web] [GET] Request path: /api/data/ServerGET 
23/8/4 17:24:24 LOG [Web] [GET] Request path: /api/data/BotGET 
23/8/4 17:24:24 LOG [Web] [GET] Request path: /api/data/ServerGET 
23/8/4 17:24:24 LOG [Web] [GET] Request path: /api/data/BotGET 
23/8/4 17:24:24 LOG [Web] [GET] Request path: /api/data/ServerGET 
23/8/4 17:24:24 LOG [Web] [GET] Request path: /api/data/BotGET 
23/8/4 17:24:24 LOG [Web] [GET] Request path: /api/data/ServerGET 
23/8/4 17:24:24 INFO Kotori Bot Version: 0.7.3 License: GPL-3.0 
23/8/4 17:24:24 INFO Kotori Bot By Hotaru 
23/8/4 17:24:24 INFO Copyright Â© 2023 Hotaru All rights reserved. 
23/8/4 17:24:24 WARM Run Info: Develop With Debuing... 
23/8/4 17:24:24 INFO [Connect] WebScoket server successfully established on ws://127.0.0.1:8080 
23/8/4 17:24:24 INFO Current connection mode: WsReverse 
23/8/4 17:25:25 INFO [Connect] WebSocket client successfully connected 
23/8/4 17:25:25 INFO Successfully loaded 4 plugins 
23/8/4 17:25:25 INFO KotoriBot Core Plugin loaded successfully Version: 1.0.0 License: GPL-2.0 By Himeno 
23/8/4 17:25:25 INFO Web With Kotori Plugin loaded successfully Version: 1.0.1 License: MIT By Himeno 
23/8/4 17:25:25 INFO ä»Šæ—¥ç‰›ç‰›é•¿åº¦ Plugin loaded successfully License: MIT  
23/8/4 17:25:25 LOG [Web] Express server listening at http://127.0.0.1:8000 
23/8/4 17:25:25 LOG [Web] [GET] Request path: /api/data/Bot 
23/8/4 17:25:25 LOG [Web] [GET] Request path: /api/data/Server 
23/8/4 17:25:25 LOG [Web] [GET] Request path: /api/data/Bot 
23/8/4 17:25:25 LOG [Web] [GET] Request path: /api/data/Server 
